[92m2021-02-02 15:01:21 I/Net 706621919: Connected to server 114.221.144.215:80[0m
[0m2021-02-02 15:01:21 V/Net 706621919: Send: wtlogin.login[0m
[0m2021-02-02 15:01:22 V/Net 706621919: Recv: LoginPacketResponse.Success[0m
[92m2021-02-02 15:01:22 I/Net 706621919: Login successful[0m
[0m2021-02-02 15:01:22 V/Net 706621919: Send: StatSvc.register[0m
[0m2021-02-02 15:01:22 V/Net 706621919: Recv: Response(StatSvc.register)[0m
[0m2021-02-02 15:01:22 V/Net 706621919: Send: StatSvc.GetDevLoginInfo[0m
[0m2021-02-02 15:01:22 V/Net 706621919: Recv: StatSvc.GetDevLoginInfo.Response(deviceList.size=1)[0m
[92m2021-02-02 15:01:22 I/Net 706621919: Start loading friend list...[0m
[92m2021-02-02 15:01:22 I/Net 706621919: Start loading group list...[0m
[92m2021-02-02 15:01:22 I/Net 706621919: Start loading stranger list...[0m
[0m2021-02-02 15:01:22 V/Net 706621919: Send: friendlist.getFriendGroupList[0m
[0m2021-02-02 15:01:22 V/Net 706621919: Send: friendlist.GetTroopListReqV2[0m
[0m2021-02-02 15:01:22 V/Net 706621919: Send: OidbSvc.0x5d2_0[0m
[0m2021-02-02 15:01:22 V/Net 706621919: Recv: FriendList.GetFriendGroupList.Response[0m
[0m2021-02-02 15:01:22 V/Net 706621919: Loading friend list: 4/4[0m
[92m2021-02-02 15:01:22 I/Net 706621919: Successfully loaded friend list: 4 in total[0m
[0m2021-02-02 15:01:22 V/Net 706621919: Recv: network.protocol.packet.list.StrangerList$GetStrangerList$Response@12d5ba62[0m
[92m2021-02-02 15:01:22 I/Net 706621919: Successfully loaded stranger list: 2 in total[0m
[0m2021-02-02 15:01:22 V/Net 706621919: Recv: FriendList.GetFriendGroupList.Response[0m
[0m2021-02-02 15:01:22 V/Net 706621919: Send: friendlist.GetTroopMemberListReq[0m
[0m2021-02-02 15:01:22 V/Net 706621919: Send: friendlist.GetTroopMemberListReq[0m
[0m2021-02-02 15:01:22 V/Net 706621919: Send: friendlist.GetTroopMemberListReq[0m
[0m2021-02-02 15:01:23 V/Net 706621919: Recv: FriendList.GetTroopMemberList.Response[0m
[0m2021-02-02 15:01:23 V/Net 706621919: Recv: FriendList.GetTroopMemberList.Response[0m
[0m2021-02-02 15:01:23 V/Net 706621919: Recv: FriendList.GetTroopMemberList.Response[0m
[92m2021-02-02 15:01:23 I/Net 706621919: Successfully loaded group list: 3 in total.[0m
[92m2021-02-02 15:01:23 I/Net 706621919: Awaiting ConfigPushSvc.PushReq.[0m
[92m2021-02-02 15:01:23 I/Net 706621919: Syncing friend message history...[0m
[0m2021-02-02 15:01:23 V/Net 706621919: Send: MessageSvc.PbGetMsg[0m
[92m2021-02-02 15:01:23 I/Net 706621919: Syncing friend message history: Success.[0m
[96m2021-02-02 15:01:25 D/Net 706621919: Received unknown commandName: ConfigPushSvc.PushDomain[0m
[0m2021-02-02 15:01:25 V/Net 706621919: Recv: ConfigPushSvc.PushReq.PushReqResponse.Success[0m
[0m2021-02-02 15:01:25 V/Net 706621919: Send: ConfigPushSvc.PushResp[0m
[92m2021-02-02 15:01:25 I/Net 706621919: ConfigPushSvc.PushReq: Success.[0m
[0m2021-02-02 15:01:30 V/Net 706621919: Recv: ConfigPushSvc.PushReq.PushReqResponse.Success[0m
[0m2021-02-02 15:01:30 V/Net 706621919: Send: ConfigPushSvc.PushResp[0m
[0m2021-02-02 15:02:27 V/Net 706621919: Recv: RequestPushNotify(uin=706621919, ctype=1, strService=MessageSvc, strCmd=PushNotify, usMsgType=166, stMsgInfo=net.mamoe.mirai.internal.network.protocol.data.jce.MsgInfo@16a07fa2)[0m
[0m2021-02-02 15:02:27 V/Net 706621919: Send: MessageSvc.PbGetMsg[0m
[0m2021-02-02 15:02:27 V/Net 706621919: Send: MessageSvc.PbDeleteMsg[0m
[0m2021-02-02 15:02:28 V/Net 706621919: Send: MessageSvc.PbSendMsg[0m
[0m2021-02-02 15:02:28 V/Net 706621919: Recv: MessageSvcPbSendMsg.Response.SUCCESS[0m
[0m2021-02-02 15:02:28 V/Net 706621919: Send: MessageSvc.PbSendMsg[0m
[0m2021-02-02 15:02:28 V/Net 706621919: Recv: MessageSvcPbSendMsg.Response.SUCCESS[0m
[0m2021-02-02 15:02:28 V/Net 706621919: Send: MessageSvc.PbSendMsg[0m
[0m2021-02-02 15:02:28 V/Net 706621919: Recv: MessageSvcPbSendMsg.Response.SUCCESS[0m
[0m2021-02-02 15:03:29 V/Net 706621919: Recv: RequestPushNotify(uin=706621919, ctype=1, strService=MessageSvc, strCmd=PushNotify, usMsgType=166, stMsgInfo=net.mamoe.mirai.internal.network.protocol.data.jce.MsgInfo@5ca9bed)[0m
[0m2021-02-02 15:03:29 V/Net 706621919: Send: MessageSvc.PbGetMsg[0m
[0m2021-02-02 15:03:30 V/Net 706621919: Send: MessageSvc.PbDeleteMsg[0m
[0m2021-02-02 15:03:45 V/Net 706621919: Recv: RequestPushNotify(uin=706621919, ctype=1, strService=MessageSvc, strCmd=PushNotify, usMsgType=166, stMsgInfo=net.mamoe.mirai.internal.network.protocol.data.jce.MsgInfo@3d4d1c74)[0m
[0m2021-02-02 15:03:45 V/Net 706621919: Send: MessageSvc.PbGetMsg[0m
[0m2021-02-02 15:03:45 V/Net 706621919: Send: MessageSvc.PbDeleteMsg[0m
[0m2021-02-02 15:03:52 V/Net 706621919: Send: MessageSvc.PbSendMsg[0m
[0m2021-02-02 15:03:52 V/Net 706621919: Recv: MessageSvcPbSendMsg.Response.SUCCESS[0m
[0m2021-02-02 15:03:52 V/Net 706621919: Send: MessageSvc.PbSendMsg[0m
[0m2021-02-02 15:03:52 V/Net 706621919: Recv: MessageSvcPbSendMsg.Response.SUCCESS[0m
[0m2021-02-02 15:03:52 V/Net 706621919: Send: MessageSvc.PbSendMsg[0m
[0m2021-02-02 15:03:52 V/Net 706621919: Recv: MessageSvcPbSendMsg.Response.SUCCESS[0m
[0m2021-02-02 15:04:09 V/Net 706621919: Send: MessageSvc.PbSendMsg[0m
[0m2021-02-02 15:04:09 V/Net 706621919: Recv: MessageSvcPbSendMsg.Response.SUCCESS[0m
[0m2021-02-02 15:04:09 V/Net 706621919: Send: MessageSvc.PbSendMsg[0m
[0m2021-02-02 15:04:09 V/Net 706621919: Recv: MessageSvcPbSendMsg.Response.SUCCESS[0m
[0m2021-02-02 15:04:09 V/Net 706621919: Send: MessageSvc.PbSendMsg[0m
[0m2021-02-02 15:04:09 V/Net 706621919: Recv: MessageSvcPbSendMsg.Response.SUCCESS[0m
[0m2021-02-02 15:04:38 V/Net 706621919: Recv: RequestPushNotify(uin=706621919, ctype=1, strService=MessageSvc, strCmd=PushNotify, usMsgType=166, stMsgInfo=net.mamoe.mirai.internal.network.protocol.data.jce.MsgInfo@7e3a28ec)[0m
[0m2021-02-02 15:04:38 V/Net 706621919: Send: MessageSvc.PbGetMsg[0m
[0m2021-02-02 15:04:38 V/Net 706621919: Send: MessageSvc.PbDeleteMsg[0m
[0m2021-02-02 15:04:39 V/Net 706621919: Send: LongConn.OffPicUp[0m
[0m2021-02-02 15:04:39 V/Net 706621919: Recv: RequireUpload(resourceId=/706621919-3618661674-2BF6D126B9674FA582D8A6C7AD7415F1, serverIp=[354104688, 1538978168, -1096081809, 1810547383], serverPort=[80, 8080, 443, 80], uKey=[62, 108, 74, 64, -23, -23, 31, -59, -19, 13, 82, 102, -23, 63, -26, 48, -128, -79, 40, -81, -68, -108, -95, 96, 37, 81, -66, -73, -101, -27, -13, -108, 121, 85, 105, -84, -20, 113, -73, -128, 4, 42, 23, -4, 9, 16, -127, 102, -107, 126, -61, 61, 83, 88, 49, -83, 26, 86, -61, -77, 125, 3, -62, 51, 125, -79, 97, -63, -45, -95, 13, -6, -70, 59, -71, 124, 115, 49, 68, -119, 14, 35, 103, -61, -89, 126, -88, -60, -115, -17, -73, -118, 118, -120, -83, -52, -14, -56, -78, -51, -24, 28, -63, 83, -126, -46, 20, 108, 60, -111, -113, 96, -97, -12, -6, -58, 39, -26, -61, 28, 77, -123, 47, -82, 77, -26, 77, -81, -62, 38, -12, 124, 75, -23, 81, -50, -35, -38, 75, -73, -96, 111, -91, -113, -15, 106, -37, -114, -108, -93, 23, 114, -6, 112, -28, -73, -88, 3, -64, -73, 22, -86, -79, -104, 21, 92, -94, -95, 74, -25, -13, 70, 42, 111, -11, -16, -19, -122, 86, 7, 11, -119, 10, 90, -57, -53, 120, 117, -67, -7, 44, 108, 61, 34, 69, -12, -83, 89, -100, -8, -1, 55, 80, 35, 103, -54, 0, -78, -78, 20, 115, 24, -80, 68, 58, 112, 5, -53, -52, 84, -79, 71, 91, -53, -47, -33, -54, -83, 48, 0, 99, -42, 45, -71, 121, 43, 65, 40, 48, -88, -120, -108, 86, 24, 69, 73, -46, 62, 34, -121, -49, 44, 34, -79, 106, 90, -88, -118, 20, 25, -20, -112, 109, -38, 30, 113, -65, 103, -50, -28, -37, -92, 27, 47, -107, -60, 49, -40, 31, 36, 100, 33, -6, -43, -76, -57, 100, 101, -10, -118, -100, 46, -108, 124, -53, -99, -3, -90, 2, -59, 73, 94, 30, -104, 2, -82, -44, 101, -42, -77, -121, 111, -71, 64, 77, -111, 119, 54, -77, -118, 105, 63, -34, 124, 88, -71, 53, -45, 40, -29, 117, -87, -62, -97, -22, 38])[0m
[0m2021-02-02 15:04:39 V/Net 706621919: [Http] Uploading friend image, size=246.46 KiB[0m
[0m2021-02-02 15:04:40 V/Net 706621919: [Http] Uploading friend image: succeed at 303 KiB/s[0m
[0m2021-02-02 15:04:40 V/Net 706621919: Send: MessageSvc.PbSendMsg[0m
[0m2021-02-02 15:04:41 V/Net 706621919: Recv: MessageSvcPbSendMsg.Response.SUCCESS[0m
[0m2021-02-02 15:04:54 V/Net 706621919: Recv: RequestPushNotify(uin=706621919, ctype=1, strService=MessageSvc, strCmd=PushNotify, usMsgType=166, stMsgInfo=net.mamoe.mirai.internal.network.protocol.data.jce.MsgInfo@400e5e0a)[0m
[0m2021-02-02 15:04:54 V/Net 706621919: Send: MessageSvc.PbGetMsg[0m
[0m2021-02-02 15:04:54 V/Net 706621919: Send: MessageSvc.PbDeleteMsg[0m
[0m2021-02-02 15:04:59 V/Net 706621919: Send: MessageSvc.PbSendMsg[0m
[0m2021-02-02 15:04:59 V/Net 706621919: Recv: MessageSvcPbSendMsg.Response.SUCCESS[0m
[0m2021-02-02 15:04:59 V/Net 706621919: Send: MessageSvc.PbSendMsg[0m
[0m2021-02-02 15:05:00 V/Net 706621919: Recv: MessageSvcPbSendMsg.Response.SUCCESS[0m
[0m2021-02-02 15:05:52 V/Net 706621919: Send: Heartbeat.Alive[0m
[0m2021-02-02 15:05:52 V/Net 706621919: Recv: Heartbeat.Alive.Response[0m
[0m2021-02-02 15:10:22 V/Net 706621919: Send: Heartbeat.Alive[0m
[0m2021-02-02 15:10:27 V/Net 706621919: Send: Heartbeat.Alive[0m
[92m2021-02-02 15:10:37 I/Net 706621919: Connected to server msfwifi.3g.qq.com:8080[0m
[0m2021-02-02 15:10:37 V/Net 706621919: Send: wtlogin.login[0m
[0m2021-02-02 15:10:37 V/Net 706621919: Recv: LoginPacketResponse.Success[0m
[92m2021-02-02 15:10:37 I/Net 706621919: Login successful[0m
[0m2021-02-02 15:10:37 V/Net 706621919: Send: StatSvc.register[0m
[0m2021-02-02 15:10:37 V/Net 706621919: Recv: Response(StatSvc.register)[0m
[0m2021-02-02 15:10:37 V/Net 706621919: Send: StatSvc.GetDevLoginInfo[0m
[0m2021-02-02 15:10:38 V/Net 706621919: Recv: StatSvc.GetDevLoginInfo.Response(deviceList.size=1)[0m
[92m2021-02-02 15:10:38 I/Net 706621919: Syncing friend message history...[0m
[0m2021-02-02 15:10:38 V/Net 706621919: Send: MessageSvc.PbGetMsg[0m
[0m2021-02-02 15:10:38 V/Net 706621919: Send: MessageSvc.PbDeleteMsg[0m
[92m2021-02-02 15:10:38 I/Net 706621919: Syncing friend message history: Success.[0m
[0m2021-02-02 15:10:40 V/Net 706621919: Recv: ConfigPushSvc.PushReq.PushReqResponse.Success[0m
[0m2021-02-02 15:10:40 V/Net 706621919: Send: ConfigPushSvc.PushResp[0m
[96m2021-02-02 15:10:40 D/Net 706621919: Received unknown commandName: ConfigPushSvc.PushDomain[0m
[0m2021-02-02 15:10:41 V/Net 706621919: Recv: ConfigPushSvc.PushReq.PushReqResponse.Success[0m
[0m2021-02-02 15:10:41 V/Net 706621919: Send: ConfigPushSvc.PushResp[0m
[0m2021-02-02 15:15:07 V/Net 706621919: Send: Heartbeat.Alive[0m
[0m2021-02-02 15:15:07 V/Net 706621919: Recv: Heartbeat.Alive.Response[0m
[0m2021-02-02 15:19:37 V/Net 706621919: Send: Heartbeat.Alive[0m
[0m2021-02-02 15:19:38 V/Net 706621919: Recv: Heartbeat.Alive.Response[0m
[0m2021-02-02 15:24:08 V/Net 706621919: Send: Heartbeat.Alive[0m
[0m2021-02-02 15:24:08 V/Net 706621919: Recv: Heartbeat.Alive.Response[0m
[92m2021-02-02 15:27:22 I/Net 706621919: Connected to server 42.81.172.22:80[0m
[0m2021-02-02 15:27:22 V/Net 706621919: Send: wtlogin.login[0m
[0m2021-02-02 15:27:23 V/Net 706621919: Recv: LoginPacketResponse.Success[0m
[92m2021-02-02 15:27:23 I/Net 706621919: Login successful[0m
[0m2021-02-02 15:27:23 V/Net 706621919: Send: StatSvc.register[0m
[0m2021-02-02 15:27:23 V/Net 706621919: Recv: Response(StatSvc.register)[0m
[0m2021-02-02 15:27:23 V/Net 706621919: Send: StatSvc.GetDevLoginInfo[0m
[0m2021-02-02 15:27:23 V/Net 706621919: Recv: StatSvc.GetDevLoginInfo.Response(deviceList.size=1)[0m
[92m2021-02-02 15:27:23 I/Net 706621919: Syncing friend message history...[0m
[0m2021-02-02 15:27:23 V/Net 706621919: Send: MessageSvc.PbGetMsg[0m
[92m2021-02-02 15:27:23 I/Net 706621919: Syncing friend message history: Success.[0m
[96m2021-02-02 15:27:26 D/Net 706621919: Received unknown commandName: ConfigPushSvc.PushDomain[0m
[0m2021-02-02 15:27:26 V/Net 706621919: Recv: ConfigPushSvc.PushReq.PushReqResponse.Success[0m
[0m2021-02-02 15:27:26 V/Net 706621919: Send: ConfigPushSvc.PushResp[0m
[0m2021-02-02 15:27:31 V/Net 706621919: Recv: ConfigPushSvc.PushReq.PushReqResponse.Success[0m
[0m2021-02-02 15:27:31 V/Net 706621919: Send: ConfigPushSvc.PushResp[0m
[0m2021-02-02 15:31:53 V/Net 706621919: Send: Heartbeat.Alive[0m
[0m2021-02-02 15:31:58 V/Net 706621919: Send: Heartbeat.Alive[0m
[92m2021-02-02 15:32:08 I/Net 706621919: Connected to server 42.81.172.81:80[0m
[0m2021-02-02 15:32:08 V/Net 706621919: Send: wtlogin.login[0m
[0m2021-02-02 15:32:08 V/Net 706621919: Recv: LoginPacketResponse.Success[0m
[92m2021-02-02 15:32:08 I/Net 706621919: Login successful[0m
[0m2021-02-02 15:32:08 V/Net 706621919: Send: StatSvc.register[0m
[0m2021-02-02 15:32:09 V/Net 706621919: Recv: Response(StatSvc.register)[0m
[0m2021-02-02 15:32:09 V/Net 706621919: Send: StatSvc.GetDevLoginInfo[0m
[0m2021-02-02 15:32:09 V/Net 706621919: Recv: StatSvc.GetDevLoginInfo.Response(deviceList.size=1)[0m
[92m2021-02-02 15:32:09 I/Net 706621919: Syncing friend message history...[0m
[0m2021-02-02 15:32:09 V/Net 706621919: Send: MessageSvc.PbGetMsg[0m
[92m2021-02-02 15:32:09 I/Net 706621919: Syncing friend message history: Success.[0m
[0m2021-02-02 15:32:12 V/Net 706621919: Recv: ConfigPushSvc.PushReq.PushReqResponse.Success[0m
[96m2021-02-02 15:32:12 D/Net 706621919: Received unknown commandName: ConfigPushSvc.PushDomain[0m
[0m2021-02-02 15:32:12 V/Net 706621919: Send: ConfigPushSvc.PushResp[0m
[0m2021-02-02 15:32:12 V/Net 706621919: Recv: ConfigPushSvc.PushReq.PushReqResponse.Success[0m
[0m2021-02-02 15:32:12 V/Net 706621919: Send: ConfigPushSvc.PushResp[0m
[0m2021-02-02 15:36:39 V/Net 706621919: Send: Heartbeat.Alive[0m
[0m2021-02-02 15:36:44 V/Net 706621919: Send: Heartbeat.Alive[0m
[92m2021-02-02 15:36:54 I/Net 706621919: Connected to server 125.94.60.146:80[0m
[0m2021-02-02 15:36:54 V/Net 706621919: Send: wtlogin.login[0m
[0m2021-02-02 15:36:54 V/Net 706621919: Recv: LoginPacketResponse.Success[0m
[92m2021-02-02 15:36:54 I/Net 706621919: Login successful[0m
[0m2021-02-02 15:36:54 V/Net 706621919: Send: StatSvc.register[0m
[0m2021-02-02 15:36:54 V/Net 706621919: Recv: Response(StatSvc.register)[0m
[0m2021-02-02 15:36:54 V/Net 706621919: Send: StatSvc.GetDevLoginInfo[0m
[0m2021-02-02 15:36:54 V/Net 706621919: Recv: StatSvc.GetDevLoginInfo.Response(deviceList.size=1)[0m
[92m2021-02-02 15:36:54 I/Net 706621919: Syncing friend message history...[0m
[0m2021-02-02 15:36:54 V/Net 706621919: Send: MessageSvc.PbGetMsg[0m
[92m2021-02-02 15:36:54 I/Net 706621919: Syncing friend message history: Success.[0m
[0m2021-02-02 15:36:57 V/Net 706621919: Recv: ConfigPushSvc.PushReq.PushReqResponse.Success[0m
[0m2021-02-02 15:36:57 V/Net 706621919: Send: ConfigPushSvc.PushResp[0m
[96m2021-02-02 15:36:57 D/Net 706621919: Received unknown commandName: ConfigPushSvc.PushDomain[0m
[0m2021-02-02 15:36:57 V/Net 706621919: Recv: ConfigPushSvc.PushReq.PushReqResponse.Success[0m
[0m2021-02-02 15:36:57 V/Net 706621919: Send: ConfigPushSvc.PushResp[0m
[0m2021-02-02 15:41:24 V/Net 706621919: Send: Heartbeat.Alive[0m
[0m2021-02-02 15:41:29 V/Net 706621919: Send: Heartbeat.Alive[0m
[92m2021-02-02 15:41:39 I/Net 706621919: Connected to server 114.221.148.59:14000[0m
[0m2021-02-02 15:41:39 V/Net 706621919: Send: wtlogin.login[0m
[0m2021-02-02 15:41:39 V/Net 706621919: Recv: LoginPacketResponse.Success[0m
[92m2021-02-02 15:41:39 I/Net 706621919: Login successful[0m
[0m2021-02-02 15:41:39 V/Net 706621919: Send: StatSvc.register[0m
[0m2021-02-02 15:41:40 V/Net 706621919: Recv: Response(StatSvc.register)[0m
[0m2021-02-02 15:41:40 V/Net 706621919: Send: StatSvc.GetDevLoginInfo[0m
[0m2021-02-02 15:41:40 V/Net 706621919: Recv: StatSvc.GetDevLoginInfo.Response(deviceList.size=1)[0m
[92m2021-02-02 15:41:40 I/Net 706621919: Syncing friend message history...[0m
[0m2021-02-02 15:41:40 V/Net 706621919: Send: MessageSvc.PbGetMsg[0m
[92m2021-02-02 15:41:40 I/Net 706621919: Syncing friend message history: Success.[0m
[0m2021-02-02 15:41:42 V/Net 706621919: Recv: ConfigPushSvc.PushReq.PushReqResponse.Success[0m
[0m2021-02-02 15:41:42 V/Net 706621919: Send: ConfigPushSvc.PushResp[0m
[96m2021-02-02 15:41:42 D/Net 706621919: Received unknown commandName: ConfigPushSvc.PushDomain[0m
[0m2021-02-02 15:41:43 V/Net 706621919: Recv: ConfigPushSvc.PushReq.PushReqResponse.Success[0m
[0m2021-02-02 15:41:43 V/Net 706621919: Send: ConfigPushSvc.PushResp[0m
[0m2021-02-02 15:41:46 V/Net 706621919: Recv: RequestPushNotify(uin=706621919, ctype=1, strService=MessageSvc, strCmd=PushNotify, usMsgType=166, stMsgInfo=net.mamoe.mirai.internal.network.protocol.data.jce.MsgInfo@5e1af15b)[0m
[0m2021-02-02 15:41:46 V/Net 706621919: Send: MessageSvc.PbGetMsg[0m
[0m2021-02-02 15:41:46 V/Net 706621919: Send: MessageSvc.PbDeleteMsg[0m
[0m2021-02-02 15:41:46 V/Net 706621919: Send: MessageSvc.PbSendMsg[0m
[0m2021-02-02 15:41:46 V/Net 706621919: Recv: MessageSvcPbSendMsg.Response.SUCCESS[0m
[0m2021-02-02 15:41:49 V/Net 706621919: Recv: RequestPushNotify(uin=706621919, ctype=1, strService=MessageSvc, strCmd=PushNotify, usMsgType=166, stMsgInfo=net.mamoe.mirai.internal.network.protocol.data.jce.MsgInfo@d0bd3c9)[0m
[0m2021-02-02 15:41:49 V/Net 706621919: Send: MessageSvc.PbGetMsg[0m
[0m2021-02-02 15:41:49 V/Net 706621919: Send: MessageSvc.PbDeleteMsg[0m
[0m2021-02-02 15:41:53 V/Net 706621919: Send: MessageSvc.PbSendMsg[0m
[0m2021-02-02 15:41:54 V/Net 706621919: Recv: MessageSvcPbSendMsg.Response.SUCCESS[0m
[0m2021-02-02 15:45:53 V/Net 706621919: Recv: RequestPushNotify(uin=706621919, ctype=1, strService=MessageSvc, strCmd=PushNotify, usMsgType=166, stMsgInfo=net.mamoe.mirai.internal.network.protocol.data.jce.MsgInfo@490615f1)[0m
[0m2021-02-02 15:45:53 V/Net 706621919: Send: MessageSvc.PbGetMsg[0m
[0m2021-02-02 15:45:53 V/Net 706621919: Send: MessageSvc.PbDeleteMsg[0m
[0m2021-02-02 15:45:53 V/Net 706621919: Send: MessageSvc.PbSendMsg[0m
[0m2021-02-02 15:45:53 V/Net 706621919: Recv: MessageSvcPbSendMsg.Response.SUCCESS[0m
[0m2021-02-02 15:46:08 V/Net 706621919: Recv: RequestPushNotify(uin=706621919, ctype=1, strService=MessageSvc, strCmd=PushNotify, usMsgType=166, stMsgInfo=net.mamoe.mirai.internal.network.protocol.data.jce.MsgInfo@57f74ef1)[0m
[0m2021-02-02 15:46:08 V/Net 706621919: Send: MessageSvc.PbGetMsg[0m
[0m2021-02-02 15:46:08 V/Net 706621919: Send: MessageSvc.PbDeleteMsg[0m
[0m2021-02-02 15:46:10 V/Net 706621919: Send: Heartbeat.Alive[0m
[0m2021-02-02 15:46:10 V/Net 706621919: Recv: Heartbeat.Alive.Response[0m
[0m2021-02-02 15:46:10 V/Net 706621919: Send: LongConn.OffPicUp[0m
[0m2021-02-02 15:46:10 V/Net 706621919: Recv: RequireUpload(resourceId=/706621919-919731194-8B8EBB3F8D5CE1B59590DA6C765FCB99, serverIp=[354104688, -1912062864, -1331749265, 2062129956], serverPort=[80, 8080, 443, 80], uKey=[29, -22, -33, 29, 16, -73, -99, 11, -58, 79, 48, 26, 120, 113, 113, -128, -121, -82, 90, -39, 113, 114, -48, 40, -10, 46, 18, 117, 65, -74, 89, 111, -36, 31, 0, -16, 79, 85, -17, -29, -39, 46, 66, -19, 88, -28, -94, 50, 100, 80, -9, 15, 79, -43, 55, -96, 110, 51, -69, 17, -33, 3, -4, -54, 27, 102, 54, 73, 120, 39, -65, 41, -38, 72, 123, 127, 122, 53, -35, 22, 114, -77, 45, 73, -6, -47, 88, 1, 36, -34, 45, -22, -35, -115, 82, 121, 90, -96, 84, 3, 17, -61, -94, -42, 61, 64, 106, 61, 71, -111, -76, -103, -5, -111, -78, -75, 42, 13, -51, 82, 6, -14, -83, 21, -115, -70, 24, 76, 32, -88, -70, 18, -61, -90, 66, 89, -56, 101, 113, -74, -13, 27, -110, 103, 82, -15, 69, -105, -119, 92, 41, -50, 49, 77, -87, 65, 107, -32, -70, 82, -61, -128, -23, 126, 104, -77, 47, -21, -25, -35, 118, -6, 71, 8, -82, 35, 93, -15, -32, 21, 11, 64, -76, -29, 82, -69, 24, 113, 123, 49, 107, -103, -71, 50, -85, -111, 33, 66, -93, 77, 9, 122, 4, 103, 3, 31, -54, -110, -70, -51, -74, 100, -88, -5, 95, -106, -40, -108, 123, -21, 42, -120, -8, -67, -36, 70, -88, -81, 21, -44, -45, -87, 43, 61, 54, -99, -88, -33, -22, -73, 65, -20, -82, 66, 58, 79, 31, -26, 25, 109, 34, 58, -121, 125, -59, 50, -82, -44, -98, 120, -113, -122, 59, -114, -105, -63, 115, 0, -55, -95, -5, 127, 28, 106, -117, 108, 7, 3, -106, -91, -42, -61, 34, 126, 86, 77, -77, -65, -17, -8, 26, 10, 113, -25, 43, -79, -14, -83, 68, -28, -97, -124, -68, 50, -76, -21, 14, 58, 77, -104, 103, -112, 125, 55, -4, 10, -14, -3, 33, -78, 17, 9, -115, -118, 68, -58, 109, -41, 77, -68, 89, 96, 100, 57, 37, -104])[0m
[0m2021-02-02 15:46:10 V/Net 706621919: [Http] Uploading friend image, size=49.08 KiB[0m
[0m2021-02-02 15:46:10 V/Net 706621919: [Http] Uploading friend image: succeed at 112 KiB/s[0m
[0m2021-02-02 15:46:10 V/Net 706621919: Send: MessageSvc.PbSendMsg[0m
[0m2021-02-02 15:46:11 V/Net 706621919: Recv: MessageSvcPbSendMsg.Response.SUCCESS[0m
[0m2021-02-02 15:46:11 V/Net 706621919: Send: MessageSvc.PbSendMsg[0m
[0m2021-02-02 15:46:11 V/Net 706621919: Recv: MessageSvcPbSendMsg.Response.SUCCESS[0m
[0m2021-02-02 15:46:11 V/Net 706621919: Send: MessageSvc.PbSendMsg[0m
[0m2021-02-02 15:46:11 V/Net 706621919: Recv: MessageSvcPbSendMsg.Response.SUCCESS[0m
[0m2021-02-02 15:46:11 V/Net 706621919: Send: MessageSvc.PbSendMsg[0m
[0m2021-02-02 15:46:11 V/Net 706621919: Recv: MessageSvcPbSendMsg.Response.SUCCESS[0m
[0m2021-02-02 15:46:11 V/Net 706621919: Send: MessageSvc.PbSendMsg[0m
[0m2021-02-02 15:46:11 V/Net 706621919: Recv: MessageSvcPbSendMsg.Response.SUCCESS[0m
[0m2021-02-02 15:46:11 V/Net 706621919: Send: MessageSvc.PbSendMsg[0m
[0m2021-02-02 15:46:12 V/Net 706621919: Recv: MessageSvcPbSendMsg.Response.SUCCESS[0m
[0m2021-02-02 15:50:40 V/Net 706621919: Send: Heartbeat.Alive[0m
[0m2021-02-02 15:50:40 V/Net 706621919: Recv: Heartbeat.Alive.Response[0m
[0m2021-02-02 15:55:10 V/Net 706621919: Send: Heartbeat.Alive[0m
[0m2021-02-02 15:55:10 V/Net 706621919: Recv: Heartbeat.Alive.Response[0m
[0m2021-02-02 15:59:16 V/Net 706621919: Recv: RequestPushNotify(uin=706621919, ctype=1, strService=MessageSvc, strCmd=PushNotify, usMsgType=166, stMsgInfo=net.mamoe.mirai.internal.network.protocol.data.jce.MsgInfo@23bc2dfc)[0m
[0m2021-02-02 15:59:16 V/Net 706621919: Send: MessageSvc.PbGetMsg[0m
[0m2021-02-02 15:59:16 V/Net 706621919: Send: MessageSvc.PbDeleteMsg[0m
[0m2021-02-02 15:59:38 V/Net 706621919: Recv: RequestPushNotify(uin=706621919, ctype=1, strService=MessageSvc, strCmd=PushNotify, usMsgType=166, stMsgInfo=net.mamoe.mirai.internal.network.protocol.data.jce.MsgInfo@41636f55)[0m
[0m2021-02-02 15:59:38 V/Net 706621919: Send: MessageSvc.PbGetMsg[0m
[0m2021-02-02 15:59:38 V/Net 706621919: Send: MessageSvc.PbDeleteMsg[0m
[0m2021-02-02 15:59:39 V/Net 706621919: Send: MessageSvc.PbSendMsg[0m
[0m2021-02-02 15:59:39 V/Net 706621919: Recv: MessageSvcPbSendMsg.Response.SUCCESS[0m
[0m2021-02-02 15:59:40 V/Net 706621919: Send: Heartbeat.Alive[0m
[0m2021-02-02 15:59:40 V/Net 706621919: Recv: Heartbeat.Alive.Response[0m
[0m2021-02-02 16:04:10 V/Net 706621919: Send: Heartbeat.Alive[0m
[0m2021-02-02 16:04:10 V/Net 706621919: Recv: Heartbeat.Alive.Response[0m
[0m2021-02-02 16:08:40 V/Net 706621919: Send: Heartbeat.Alive[0m
[0m2021-02-02 16:08:40 V/Net 706621919: Recv: Heartbeat.Alive.Response[0m
[0m2021-02-02 16:13:10 V/Net 706621919: Send: Heartbeat.Alive[0m
[0m2021-02-02 16:13:10 V/Net 706621919: Recv: Heartbeat.Alive.Response[0m
[92m2021-02-02 16:16:01 I/Net 706621919: Connected to server 42.81.172.147:443[0m
[0m2021-02-02 16:16:01 V/Net 706621919: Send: wtlogin.login[0m
[0m2021-02-02 16:16:02 V/Net 706621919: Recv: LoginPacketResponse.Success[0m
[92m2021-02-02 16:16:02 I/Net 706621919: Login successful[0m
[0m2021-02-02 16:16:02 V/Net 706621919: Send: StatSvc.register[0m
[0m2021-02-02 16:16:02 V/Net 706621919: Recv: Response(StatSvc.register)[0m
[0m2021-02-02 16:16:02 V/Net 706621919: Send: StatSvc.GetDevLoginInfo[0m
[0m2021-02-02 16:16:02 V/Net 706621919: Recv: StatSvc.GetDevLoginInfo.Response(deviceList.size=1)[0m
[92m2021-02-02 16:16:02 I/Net 706621919: Syncing friend message history...[0m
[0m2021-02-02 16:16:02 V/Net 706621919: Send: MessageSvc.PbGetMsg[0m
[92m2021-02-02 16:16:02 I/Net 706621919: Syncing friend message history: Success.[0m
[0m2021-02-02 16:20:32 V/Net 706621919: Send: Heartbeat.Alive[0m
[0m2021-02-02 16:20:32 V/Net 706621919: Recv: Heartbeat.Alive.Response[0m
[0m2021-02-02 16:20:44 V/Net 706621919: Recv: RequestPushNotify(uin=706621919, ctype=1, strService=MessageSvc, strCmd=PushNotify, usMsgType=166, stMsgInfo=net.mamoe.mirai.internal.network.protocol.data.jce.MsgInfo@455cf3a1)[0m
[0m2021-02-02 16:20:44 V/Net 706621919: Send: MessageSvc.PbGetMsg[0m
[0m2021-02-02 16:20:44 V/Net 706621919: Send: MessageSvc.PbDeleteMsg[0m
[0m2021-02-02 16:20:44 V/Net 706621919: Send: MessageSvc.PbSendMsg[0m
[0m2021-02-02 16:20:44 V/Net 706621919: Recv: MessageSvcPbSendMsg.Response.SUCCESS[0m
[0m2021-02-02 16:20:48 V/Net 706621919: Recv: RequestPushNotify(uin=706621919, ctype=1, strService=MessageSvc, strCmd=PushNotify, usMsgType=166, stMsgInfo=net.mamoe.mirai.internal.network.protocol.data.jce.MsgInfo@6b5707a4)[0m
[0m2021-02-02 16:20:48 V/Net 706621919: Send: MessageSvc.PbGetMsg[0m
[0m2021-02-02 16:20:48 V/Net 706621919: Send: MessageSvc.PbDeleteMsg[0m
[0m2021-02-02 16:21:56 V/Net 706621919: Recv: RequestPushNotify(uin=706621919, ctype=1, strService=MessageSvc, strCmd=PushNotify, usMsgType=166, stMsgInfo=net.mamoe.mirai.internal.network.protocol.data.jce.MsgInfo@3194c45c)[0m
[0m2021-02-02 16:21:56 V/Net 706621919: Send: MessageSvc.PbGetMsg[0m
[0m2021-02-02 16:21:57 V/Net 706621919: Send: MessageSvc.PbDeleteMsg[0m
[0m2021-02-02 16:21:57 V/Net 706621919: Send: MessageSvc.PbSendMsg[0m
[0m2021-02-02 16:21:57 V/Net 706621919: Recv: MessageSvcPbSendMsg.Response.SUCCESS[0m
[0m2021-02-02 16:21:59 V/Net 706621919: Recv: RequestPushNotify(uin=706621919, ctype=1, strService=MessageSvc, strCmd=PushNotify, usMsgType=166, stMsgInfo=net.mamoe.mirai.internal.network.protocol.data.jce.MsgInfo@408aeac9)[0m
[0m2021-02-02 16:21:59 V/Net 706621919: Send: MessageSvc.PbGetMsg[0m
[0m2021-02-02 16:21:59 V/Net 706621919: Send: MessageSvc.PbDeleteMsg[0m
[0m2021-02-02 16:22:04 V/Net 706621919: Send: MessageSvc.PbSendMsg[0m
[0m2021-02-02 16:22:04 V/Net 706621919: Recv: MessageSvcPbSendMsg.Response.SUCCESS[0m
[0m2021-02-02 16:23:48 V/Net 706621919: Recv: RequestPushNotify(uin=706621919, ctype=1, strService=MessageSvc, strCmd=PushNotify, usMsgType=166, stMsgInfo=net.mamoe.mirai.internal.network.protocol.data.jce.MsgInfo@21bece9)[0m
[0m2021-02-02 16:23:48 V/Net 706621919: Send: MessageSvc.PbGetMsg[0m
[0m2021-02-02 16:23:48 V/Net 706621919: Send: MessageSvc.PbDeleteMsg[0m
[0m2021-02-02 16:23:48 V/Net 706621919: Send: MessageSvc.PbSendMsg[0m
[0m2021-02-02 16:23:48 V/Net 706621919: Recv: MessageSvcPbSendMsg.Response.SUCCESS[0m
[0m2021-02-02 16:23:51 V/Net 706621919: Recv: RequestPushNotify(uin=706621919, ctype=1, strService=MessageSvc, strCmd=PushNotify, usMsgType=166, stMsgInfo=net.mamoe.mirai.internal.network.protocol.data.jce.MsgInfo@3124ee79)[0m
[0m2021-02-02 16:23:51 V/Net 706621919: Send: MessageSvc.PbGetMsg[0m
[0m2021-02-02 16:23:51 V/Net 706621919: Send: MessageSvc.PbDeleteMsg[0m
[0m2021-02-02 16:23:55 V/Net 706621919: Send: MessageSvc.PbSendMsg[0m
[0m2021-02-02 16:23:56 V/Net 706621919: Recv: MessageSvcPbSendMsg.Response.SUCCESS[0m
[0m2021-02-02 16:25:02 V/Net 706621919: Send: Heartbeat.Alive[0m
[0m2021-02-02 16:25:02 V/Net 706621919: Recv: Heartbeat.Alive.Response[0m
[0m2021-02-02 16:25:17 V/Net 706621919: Recv: RequestPushNotify(uin=706621919, ctype=1, strService=MessageSvc, strCmd=PushNotify, usMsgType=166, stMsgInfo=net.mamoe.mirai.internal.network.protocol.data.jce.MsgInfo@873b55c)[0m
[0m2021-02-02 16:25:17 V/Net 706621919: Send: MessageSvc.PbGetMsg[0m
[0m2021-02-02 16:25:17 V/Net 706621919: Send: MessageSvc.PbDeleteMsg[0m
[0m2021-02-02 16:25:17 V/Net 706621919: Send: MessageSvc.PbSendMsg[0m
[0m2021-02-02 16:25:17 V/Net 706621919: Recv: MessageSvcPbSendMsg.Response.SUCCESS[0m
[0m2021-02-02 16:25:19 V/Net 706621919: Recv: RequestPushNotify(uin=706621919, ctype=1, strService=MessageSvc, strCmd=PushNotify, usMsgType=166, stMsgInfo=net.mamoe.mirai.internal.network.protocol.data.jce.MsgInfo@12c176f6)[0m
[0m2021-02-02 16:25:19 V/Net 706621919: Send: MessageSvc.PbGetMsg[0m
[0m2021-02-02 16:25:19 V/Net 706621919: Send: MessageSvc.PbDeleteMsg[0m
[0m2021-02-02 16:25:24 V/Net 706621919: Send: MessageSvc.PbSendMsg[0m
[0m2021-02-02 16:25:24 V/Net 706621919: Recv: MessageSvcPbSendMsg.Response.SUCCESS[0m
[0m2021-02-02 16:25:46 V/Net 706621919: Recv: RequestPushNotify(uin=706621919, ctype=1, strService=MessageSvc, strCmd=PushNotify, usMsgType=166, stMsgInfo=net.mamoe.mirai.internal.network.protocol.data.jce.MsgInfo@5385d7af)[0m
[0m2021-02-02 16:25:46 V/Net 706621919: Send: MessageSvc.PbGetMsg[0m
[0m2021-02-02 16:25:46 V/Net 706621919: Send: MessageSvc.PbDeleteMsg[0m
[0m2021-02-02 16:25:46 V/Net 706621919: Send: MessageSvc.PbSendMsg[0m
[0m2021-02-02 16:25:46 V/Net 706621919: Recv: MessageSvcPbSendMsg.Response.SUCCESS[0m
[0m2021-02-02 16:25:49 V/Net 706621919: Recv: RequestPushNotify(uin=706621919, ctype=1, strService=MessageSvc, strCmd=PushNotify, usMsgType=166, stMsgInfo=net.mamoe.mirai.internal.network.protocol.data.jce.MsgInfo@3fbeca5b)[0m
[0m2021-02-02 16:25:49 V/Net 706621919: Send: MessageSvc.PbGetMsg[0m
[0m2021-02-02 16:25:49 V/Net 706621919: Send: MessageSvc.PbDeleteMsg[0m
[0m2021-02-02 16:25:51 V/Net 706621919: Send: MessageSvc.PbSendMsg[0m
[0m2021-02-02 16:25:51 V/Net 706621919: Recv: MessageSvcPbSendMsg.Response.SUCCESS[0m
[0m2021-02-02 16:26:38 V/Net 706621919: Recv: RequestPushNotify(uin=706621919, ctype=1, strService=MessageSvc, strCmd=PushNotify, usMsgType=166, stMsgInfo=net.mamoe.mirai.internal.network.protocol.data.jce.MsgInfo@26d17d9c)[0m
[0m2021-02-02 16:26:38 V/Net 706621919: Send: MessageSvc.PbGetMsg[0m
[0m2021-02-02 16:26:38 V/Net 706621919: Send: MessageSvc.PbDeleteMsg[0m
[0m2021-02-02 16:26:38 V/Net 706621919: Send: MessageSvc.PbSendMsg[0m
[0m2021-02-02 16:26:38 V/Net 706621919: Recv: MessageSvcPbSendMsg.Response.SUCCESS[0m
[0m2021-02-02 16:26:41 V/Net 706621919: Recv: RequestPushNotify(uin=706621919, ctype=1, strService=MessageSvc, strCmd=PushNotify, usMsgType=166, stMsgInfo=net.mamoe.mirai.internal.network.protocol.data.jce.MsgInfo@22487b4)[0m
[0m2021-02-02 16:26:41 V/Net 706621919: Send: MessageSvc.PbGetMsg[0m
[0m2021-02-02 16:26:41 V/Net 706621919: Send: MessageSvc.PbDeleteMsg[0m
[0m2021-02-02 16:26:43 V/Net 706621919: Send: MessageSvc.PbSendMsg[0m
[0m2021-02-02 16:26:43 V/Net 706621919: Recv: MessageSvcPbSendMsg.Response.SUCCESS[0m
[0m2021-02-02 16:27:53 V/Net 706621919: Recv: RequestPushNotify(uin=706621919, ctype=1, strService=MessageSvc, strCmd=PushNotify, usMsgType=166, stMsgInfo=net.mamoe.mirai.internal.network.protocol.data.jce.MsgInfo@5b94ee46)[0m
[0m2021-02-02 16:27:53 V/Net 706621919: Send: MessageSvc.PbGetMsg[0m
[0m2021-02-02 16:27:53 V/Net 706621919: Send: MessageSvc.PbDeleteMsg[0m
[0m2021-02-02 16:27:53 V/Net 706621919: Send: MessageSvc.PbSendMsg[0m
[0m2021-02-02 16:27:53 V/Net 706621919: Recv: MessageSvcPbSendMsg.Response.SUCCESS[0m
[0m2021-02-02 16:27:55 V/Net 706621919: Recv: RequestPushNotify(uin=706621919, ctype=1, strService=MessageSvc, strCmd=PushNotify, usMsgType=166, stMsgInfo=net.mamoe.mirai.internal.network.protocol.data.jce.MsgInfo@304a8ede)[0m
[0m2021-02-02 16:27:55 V/Net 706621919: Send: MessageSvc.PbGetMsg[0m
[0m2021-02-02 16:27:55 V/Net 706621919: Send: MessageSvc.PbDeleteMsg[0m
[0m2021-02-02 16:27:58 V/Net 706621919: Send: MessageSvc.PbSendMsg[0m
[0m2021-02-02 16:27:58 V/Net 706621919: Recv: MessageSvcPbSendMsg.Response.SUCCESS[0m
[0m2021-02-02 16:29:32 V/Net 706621919: Send: Heartbeat.Alive[0m
[0m2021-02-02 16:29:32 V/Net 706621919: Recv: Heartbeat.Alive.Response[0m
[0m2021-02-02 16:31:25 V/Net 706621919: Recv: RequestPushNotify(uin=706621919, ctype=1, strService=MessageSvc, strCmd=PushNotify, usMsgType=166, stMsgInfo=net.mamoe.mirai.internal.network.protocol.data.jce.MsgInfo@7f251550)[0m
[0m2021-02-02 16:31:25 V/Net 706621919: Send: MessageSvc.PbGetMsg[0m
[0m2021-02-02 16:31:25 V/Net 706621919: Send: MessageSvc.PbDeleteMsg[0m
[0m2021-02-02 16:31:25 V/Net 706621919: Send: MessageSvc.PbSendMsg[0m
[0m2021-02-02 16:31:26 V/Net 706621919: Recv: MessageSvcPbSendMsg.Response.SUCCESS[0m
[0m2021-02-02 16:31:27 V/Net 706621919: Recv: RequestPushNotify(uin=706621919, ctype=1, strService=MessageSvc, strCmd=PushNotify, usMsgType=166, stMsgInfo=net.mamoe.mirai.internal.network.protocol.data.jce.MsgInfo@72790d9f)[0m
[0m2021-02-02 16:31:27 V/Net 706621919: Send: MessageSvc.PbGetMsg[0m
[0m2021-02-02 16:31:27 V/Net 706621919: Send: MessageSvc.PbDeleteMsg[0m
[0m2021-02-02 16:31:32 V/Net 706621919: Send: MessageSvc.PbSendMsg[0m
[0m2021-02-02 16:31:32 V/Net 706621919: Recv: MessageSvcPbSendMsg.Response.SUCCESS[0m
[0m2021-02-02 16:32:52 V/Net 706621919: Recv: RequestPushNotify(uin=706621919, ctype=1, strService=MessageSvc, strCmd=PushNotify, usMsgType=166, stMsgInfo=net.mamoe.mirai.internal.network.protocol.data.jce.MsgInfo@5de6480c)[0m
[0m2021-02-02 16:32:52 V/Net 706621919: Send: MessageSvc.PbGetMsg[0m
[0m2021-02-02 16:32:52 V/Net 706621919: Send: MessageSvc.PbDeleteMsg[0m
[0m2021-02-02 16:32:57 V/Net 706621919: Send: MessageSvc.PbSendMsg[0m
[0m2021-02-02 16:32:57 V/Net 706621919: Recv: MessageSvcPbSendMsg.Response.SUCCESS[0m
[0m2021-02-02 16:33:22 V/Net 706621919: Recv: RequestPushNotify(uin=706621919, ctype=1, strService=MessageSvc, strCmd=PushNotify, usMsgType=166, stMsgInfo=net.mamoe.mirai.internal.network.protocol.data.jce.MsgInfo@ef296ab)[0m
[0m2021-02-02 16:33:22 V/Net 706621919: Send: MessageSvc.PbGetMsg[0m
[0m2021-02-02 16:33:22 V/Net 706621919: Send: MessageSvc.PbDeleteMsg[0m
[0m2021-02-02 16:33:27 V/Net 706621919: Send: MessageSvc.PbSendMsg[0m
[0m2021-02-02 16:33:27 V/Net 706621919: Recv: MessageSvcPbSendMsg.Response.SUCCESS[0m
[0m2021-02-02 16:33:56 V/Net 706621919: Recv: RequestPushNotify(uin=706621919, ctype=1, strService=MessageSvc, strCmd=PushNotify, usMsgType=166, stMsgInfo=net.mamoe.mirai.internal.network.protocol.data.jce.MsgInfo@29cb8658)[0m
[0m2021-02-02 16:33:56 V/Net 706621919: Send: MessageSvc.PbGetMsg[0m
[0m2021-02-02 16:33:56 V/Net 706621919: Send: MessageSvc.PbDeleteMsg[0m
[0m2021-02-02 16:34:01 V/Net 706621919: Send: MessageSvc.PbSendMsg[0m
[0m2021-02-02 16:34:01 V/Net 706621919: Recv: MessageSvcPbSendMsg.Response.SUCCESS[0m
[0m2021-02-02 16:34:02 V/Net 706621919: Send: Heartbeat.Alive[0m
[0m2021-02-02 16:34:02 V/Net 706621919: Recv: Heartbeat.Alive.Response[0m
[0m2021-02-02 16:34:50 V/Net 706621919: Recv: RequestPushNotify(uin=706621919, ctype=1, strService=MessageSvc, strCmd=PushNotify, usMsgType=166, stMsgInfo=net.mamoe.mirai.internal.network.protocol.data.jce.MsgInfo@2bd1a4d3)[0m
[0m2021-02-02 16:34:50 V/Net 706621919: Send: MessageSvc.PbGetMsg[0m
[0m2021-02-02 16:34:50 V/Net 706621919: Send: MessageSvc.PbDeleteMsg[0m
[0m2021-02-02 16:34:55 V/Net 706621919: Send: MessageSvc.PbSendMsg[0m
[0m2021-02-02 16:34:55 V/Net 706621919: Recv: MessageSvcPbSendMsg.Response.SUCCESS[0m
[0m2021-02-02 16:36:46 V/Net 706621919: Recv: RequestPushNotify(uin=706621919, ctype=1, strService=MessageSvc, strCmd=PushNotify, usMsgType=166, stMsgInfo=net.mamoe.mirai.internal.network.protocol.data.jce.MsgInfo@318c38cc)[0m
[0m2021-02-02 16:36:46 V/Net 706621919: Send: MessageSvc.PbGetMsg[0m
[0m2021-02-02 16:36:46 V/Net 706621919: Send: MessageSvc.PbDeleteMsg[0m
[0m2021-02-02 16:36:51 V/Net 706621919: Send: MessageSvc.PbSendMsg[0m
[0m2021-02-02 16:36:51 V/Net 706621919: Recv: MessageSvcPbSendMsg.Response.SUCCESS[0m
[0m2021-02-02 16:38:32 V/Net 706621919: Send: Heartbeat.Alive[0m
[0m2021-02-02 16:38:32 V/Net 706621919: Recv: Heartbeat.Alive.Response[0m
[0m2021-02-02 16:38:55 V/Net 706621919: Recv: RequestPushNotify(uin=706621919, ctype=1, strService=MessageSvc, strCmd=PushNotify, usMsgType=166, stMsgInfo=net.mamoe.mirai.internal.network.protocol.data.jce.MsgInfo@76625013)[0m
[0m2021-02-02 16:38:55 V/Net 706621919: Send: MessageSvc.PbGetMsg[0m
[0m2021-02-02 16:38:55 V/Net 706621919: Send: MessageSvc.PbDeleteMsg[0m
[0m2021-02-02 16:39:00 V/Net 706621919: Send: MessageSvc.PbSendMsg[0m
[0m2021-02-02 16:39:00 V/Net 706621919: Recv: MessageSvcPbSendMsg.Response.SUCCESS[0m
[0m2021-02-02 16:39:20 V/Net 706621919: Recv: RequestPushNotify(uin=706621919, ctype=1, strService=MessageSvc, strCmd=PushNotify, usMsgType=166, stMsgInfo=net.mamoe.mirai.internal.network.protocol.data.jce.MsgInfo@49b15a95)[0m
[0m2021-02-02 16:39:20 V/Net 706621919: Send: MessageSvc.PbGetMsg[0m
[0m2021-02-02 16:39:20 V/Net 706621919: Send: MessageSvc.PbDeleteMsg[0m
[0m2021-02-02 16:39:26 V/Net 706621919: Send: MessageSvc.PbSendMsg[0m
[0m2021-02-02 16:39:26 V/Net 706621919: Recv: MessageSvcPbSendMsg.Response.SUCCESS[0m
[0m2021-02-02 16:41:21 V/Net 706621919: Recv: RequestPushNotify(uin=706621919, ctype=1, strService=MessageSvc, strCmd=PushNotify, usMsgType=166, stMsgInfo=net.mamoe.mirai.internal.network.protocol.data.jce.MsgInfo@44f404c2)[0m
[0m2021-02-02 16:41:21 V/Net 706621919: Send: MessageSvc.PbGetMsg[0m
[0m2021-02-02 16:41:22 V/Net 706621919: Send: MessageSvc.PbDeleteMsg[0m
[0m2021-02-02 16:41:43 V/Net 706621919: Send: MessageSvc.PbSendMsg[0m
[0m2021-02-02 16:41:44 V/Net 706621919: Recv: MessageSvcPbSendMsg.Response.SUCCESS[0m
[0m2021-02-02 16:41:44 V/Net 706621919: Send: MessageSvc.PbSendMsg[0m
[0m2021-02-02 16:41:44 V/Net 706621919: Recv: MessageSvcPbSendMsg.Response.SUCCESS[0m
[0m2021-02-02 16:41:44 V/Net 706621919: Send: MessageSvc.PbSendMsg[0m
[0m2021-02-02 16:41:44 V/Net 706621919: Recv: MessageSvcPbSendMsg.Response.SUCCESS[0m
[0m2021-02-02 16:41:44 V/Net 706621919: Send: MessageSvc.PbSendMsg[0m
[0m2021-02-02 16:41:44 V/Net 706621919: Recv: MessageSvcPbSendMsg.Response.SUCCESS[0m
[0m2021-02-02 16:41:48 V/Net 706621919: Recv: RequestPushNotify(uin=706621919, ctype=1, strService=MessageSvc, strCmd=PushNotify, usMsgType=166, stMsgInfo=net.mamoe.mirai.internal.network.protocol.data.jce.MsgInfo@146e0ec8)[0m
[0m2021-02-02 16:41:48 V/Net 706621919: Send: MessageSvc.PbGetMsg[0m
[0m2021-02-02 16:41:48 V/Net 706621919: Send: MessageSvc.PbDeleteMsg[0m
[0m2021-02-02 16:42:11 V/Net 706621919: Send: MessageSvc.PbSendMsg[0m
[0m2021-02-02 16:42:11 V/Net 706621919: Recv: MessageSvcPbSendMsg.Response.SUCCESS[0m
[0m2021-02-02 16:42:11 V/Net 706621919: Send: MessageSvc.PbSendMsg[0m
[0m2021-02-02 16:42:11 V/Net 706621919: Recv: MessageSvcPbSendMsg.Response.SUCCESS[0m
[0m2021-02-02 16:42:11 V/Net 706621919: Send: MessageSvc.PbSendMsg[0m
[0m2021-02-02 16:42:12 V/Net 706621919: Recv: MessageSvcPbSendMsg.Response.SUCCESS[0m
[0m2021-02-02 16:42:12 V/Net 706621919: Send: MessageSvc.PbSendMsg[0m
[0m2021-02-02 16:42:12 V/Net 706621919: Recv: MessageSvcPbSendMsg.Response.SUCCESS[0m
[0m2021-02-02 16:43:02 V/Net 706621919: Send: Heartbeat.Alive[0m
[0m2021-02-02 16:43:02 V/Net 706621919: Recv: Heartbeat.Alive.Response[0m
[0m2021-02-02 16:45:13 V/Net 706621919: Recv: RequestPushNotify(uin=706621919, ctype=1, strService=MessageSvc, strCmd=PushNotify, usMsgType=166, stMsgInfo=net.mamoe.mirai.internal.network.protocol.data.jce.MsgInfo@65bdb662)[0m
[0m2021-02-02 16:45:13 V/Net 706621919: Send: MessageSvc.PbGetMsg[0m
[0m2021-02-02 16:45:14 V/Net 706621919: Send: MessageSvc.PbDeleteMsg[0m
[0m2021-02-02 16:45:45 V/Net 706621919: Recv: RequestPushNotify(uin=706621919, ctype=1, strService=MessageSvc, strCmd=PushNotify, usMsgType=166, stMsgInfo=net.mamoe.mirai.internal.network.protocol.data.jce.MsgInfo@1d479ddf)[0m
[0m2021-02-02 16:45:45 V/Net 706621919: Send: MessageSvc.PbGetMsg[0m
[0m2021-02-02 16:45:46 V/Net 706621919: Send: MessageSvc.PbDeleteMsg[0m
[0m2021-02-02 16:45:46 V/Net 706621919: Send: MessageSvc.PbSendMsg[0m
[0m2021-02-02 16:45:46 V/Net 706621919: Recv: MessageSvcPbSendMsg.Response.SUCCESS[0m
[0m2021-02-02 16:46:35 V/Net 706621919: Recv: RequestPushNotify(uin=706621919, ctype=1, strService=MessageSvc, strCmd=PushNotify, usMsgType=166, stMsgInfo=net.mamoe.mirai.internal.network.protocol.data.jce.MsgInfo@10b6c03)[0m
[0m2021-02-02 16:46:35 V/Net 706621919: Send: MessageSvc.PbGetMsg[0m
[0m2021-02-02 16:46:36 V/Net 706621919: Send: MessageSvc.PbDeleteMsg[0m
[0m2021-02-02 16:46:36 V/Net 706621919: Send: MessageSvc.PbSendMsg[0m
[0m2021-02-02 16:46:36 V/Net 706621919: Recv: MessageSvcPbSendMsg.Response.SUCCESS[0m
[0m2021-02-02 16:47:32 V/Net 706621919: Send: Heartbeat.Alive[0m
[0m2021-02-02 16:47:32 V/Net 706621919: Recv: Heartbeat.Alive.Response[0m
[0m2021-02-02 16:47:42 V/Net 706621919: Recv: RequestPushNotify(uin=706621919, ctype=1, strService=MessageSvc, strCmd=PushNotify, usMsgType=166, stMsgInfo=net.mamoe.mirai.internal.network.protocol.data.jce.MsgInfo@5e5f377b)[0m
[0m2021-02-02 16:47:42 V/Net 706621919: Send: MessageSvc.PbGetMsg[0m
[0m2021-02-02 16:47:42 V/Net 706621919: Send: MessageSvc.PbDeleteMsg[0m
[0m2021-02-02 16:47:47 V/Net 706621919: Send: MessageSvc.PbSendMsg[0m
[0m2021-02-02 16:47:47 V/Net 706621919: Recv: MessageSvcPbSendMsg.Response.SUCCESS[0m
[0m2021-02-02 16:52:00 V/Net 706621919: Recv: RequestPushNotify(uin=706621919, ctype=1, strService=MessageSvc, strCmd=PushNotify, usMsgType=166, stMsgInfo=net.mamoe.mirai.internal.network.protocol.data.jce.MsgInfo@1dda28d6)[0m
[0m2021-02-02 16:52:00 V/Net 706621919: Send: MessageSvc.PbGetMsg[0m
[0m2021-02-02 16:52:00 V/Net 706621919: Send: MessageSvc.PbDeleteMsg[0m
[0m2021-02-02 16:52:01 V/Net 706621919: Send: MessageSvc.PbSendMsg[0m
[0m2021-02-02 16:52:01 V/Net 706621919: Recv: MessageSvcPbSendMsg.Response.SUCCESS[0m
[0m2021-02-02 16:52:03 V/Net 706621919: Send: Heartbeat.Alive[0m
[0m2021-02-02 16:52:03 V/Net 706621919: Recv: Heartbeat.Alive.Response[0m
[0m2021-02-02 16:52:26 V/Net 706621919: Recv: RequestPushNotify(uin=706621919, ctype=1, strService=MessageSvc, strCmd=PushNotify, usMsgType=166, stMsgInfo=net.mamoe.mirai.internal.network.protocol.data.jce.MsgInfo@3058927d)[0m
[0m2021-02-02 16:52:26 V/Net 706621919: Send: MessageSvc.PbGetMsg[0m
[0m2021-02-02 16:52:26 V/Net 706621919: Send: MessageSvc.PbDeleteMsg[0m
[0m2021-02-02 16:52:31 V/Net 706621919: Send: MessageSvc.PbSendMsg[0m
[0m2021-02-02 16:52:32 V/Net 706621919: Recv: MessageSvcPbSendMsg.Response.SUCCESS[0m
[0m2021-02-02 16:53:19 V/Net 706621919: Recv: RequestPushNotify(uin=706621919, ctype=1, strService=MessageSvc, strCmd=PushNotify, usMsgType=166, stMsgInfo=net.mamoe.mirai.internal.network.protocol.data.jce.MsgInfo@385e2cb2)[0m
[0m2021-02-02 16:53:19 V/Net 706621919: Send: MessageSvc.PbGetMsg[0m
[0m2021-02-02 16:53:19 V/Net 706621919: Send: MessageSvc.PbDeleteMsg[0m
[0m2021-02-02 16:53:22 V/Net 706621919: Send: MessageSvc.PbSendMsg[0m
[0m2021-02-02 16:53:23 V/Net 706621919: Recv: MessageSvcPbSendMsg.Response.SUCCESS[0m
[0m2021-02-02 16:55:24 V/Net 706621919: Recv: RequestPushNotify(uin=706621919, ctype=1, strService=MessageSvc, strCmd=PushNotify, usMsgType=166, stMsgInfo=net.mamoe.mirai.internal.network.protocol.data.jce.MsgInfo@5ed524cb)[0m
[0m2021-02-02 16:55:24 V/Net 706621919: Send: MessageSvc.PbGetMsg[0m
[0m2021-02-02 16:55:24 V/Net 706621919: Send: MessageSvc.PbDeleteMsg[0m
[0m2021-02-02 16:55:26 V/Net 706621919: Send: MessageSvc.PbSendMsg[0m
[0m2021-02-02 16:55:26 V/Net 706621919: Recv: MessageSvcPbSendMsg.Response.SUCCESS[0m
[0m2021-02-02 16:55:26 V/Net 706621919: Send: MessageSvc.PbSendMsg[0m
[0m2021-02-02 16:55:27 V/Net 706621919: Recv: MessageSvcPbSendMsg.Response.SUCCESS[0m
[0m2021-02-02 16:55:27 V/Net 706621919: Send: MessageSvc.PbSendMsg[0m
[0m2021-02-02 16:55:27 V/Net 706621919: Recv: MessageSvcPbSendMsg.Response.SUCCESS[0m
[0m2021-02-02 16:55:27 V/Net 706621919: Send: MessageSvc.PbSendMsg[0m
[0m2021-02-02 16:55:27 V/Net 706621919: Recv: MessageSvcPbSendMsg.Response.SUCCESS[0m
[0m2021-02-02 16:56:33 V/Net 706621919: Send: Heartbeat.Alive[0m
[0m2021-02-02 16:56:33 V/Net 706621919: Recv: Heartbeat.Alive.Response[0m
[0m2021-02-02 17:01:03 V/Net 706621919: Send: Heartbeat.Alive[0m
[0m2021-02-02 17:01:03 V/Net 706621919: Recv: Heartbeat.Alive.Response[0m
